0 info it worked if it ends with ok
1 verbose cli [ '/usr/bin/nodejs', '/usr/bin/npm', 'run', 'build' ]
2 info using npm@3.5.2
3 info using node@v4.2.6
4 verbose run-script [ 'prebuild', 'build', 'postbuild' ]
5 info lifecycle test-client@0.1.0~prebuild: test-client@0.1.0
6 silly lifecycle test-client@0.1.0~prebuild: no script for prebuild, continuing
7 info lifecycle test-client@0.1.0~build: test-client@0.1.0
8 verbose lifecycle test-client@0.1.0~build: unsafe-perm in lifecycle true
9 verbose lifecycle test-client@0.1.0~build: PATH: /usr/share/npm/bin/node-gyp-bin:/home/armel/Bureau/gettest/Armel Test/node_modules/.bin:/usr/local/apache-maven-3.3.9/bin:~/anaconda/bin:/usr/local/sbin:/usr/local/bin:/usr/sbin:/usr/bin:/sbin:/bin:/usr/games:/usr/local/games:/snap/bin:/usr/lib/jvm/java-8-openjdk-amd64/bin:/usr/share/sbt/bin/sbt-launch.jar/bin:/usr/lib/spark/bin:/usr/lib/spark/sbin:/usr/lib/spark/bin
10 verbose lifecycle test-client@0.1.0~build: CWD: /home/armel/Bureau/gettest/Armel Test
11 silly lifecycle test-client@0.1.0~build: Args: [ '-c', 'react-scripts build' ]
12 info lifecycle test-client@0.1.0~build: Failed to exec build script
13 verbose stack Error: test-client@0.1.0 build: `react-scripts build`
13 verbose stack spawn ENOENT
13 verbose stack     at ChildProcess.<anonymous> (/usr/share/npm/lib/utils/spawn.js:17:16)
13 verbose stack     at emitTwo (events.js:87:13)
13 verbose stack     at ChildProcess.emit (events.js:172:7)
13 verbose stack     at maybeClose (internal/child_process.js:821:16)
13 verbose stack     at Process.ChildProcess._handle.onexit (internal/child_process.js:211:5)
14 verbose pkgid test-client@0.1.0
15 verbose cwd /home/armel/Bureau/gettest/Armel Test
16 error Linux 4.4.0-130-generic
17 error argv "/usr/bin/nodejs" "/usr/bin/npm" "run" "build"
18 error node v4.2.6
19 error npm  v3.5.2
20 error file sh
21 error code ELIFECYCLE
22 error errno ENOENT
23 error syscall spawn
24 error test-client@0.1.0 build: `react-scripts build`
24 error spawn ENOENT
25 error Failed at the test-client@0.1.0 build script 'react-scripts build'.
25 error Make sure you have the latest version of node.js and npm installed.
25 error If you do, this is most likely a problem with the test-client package,
25 error not with npm itself.
25 error Tell the author that this fails on your system:
25 error     react-scripts build
25 error You can get information on how to open an issue for this project with:
25 error     npm bugs test-client
25 error Or if that isn't available, you can get their info via:
25 error     npm owner ls test-client
25 error There is likely additional logging output above.
26 verbose exit [ 1, true ]
